androidApp/build/intermediates/manifest_merge_blame_file/release/manifest-merger-blame-release-report.txt
1<?xml version="1.0" encoding="utf-8"?>
2<manifest xmlns:android="http://schemas.android.com/apk/res/android"
3    package="com.example.kmmcodelab.androidApp"
4    android:versionCode="1"
5    android:versionName="1.0" >
6
7    <uses-sdk
8        android:minSdkVersion="24"
8-->src/main/AndroidManifest.xml
9        android:targetSdkVersion="29" />
9-->src/main/AndroidManifest.xml
10
11    <uses-permission android:name="android.permission.INTERNET" />
11-->src/main/AndroidManifest.xml:3:5-66
11-->src/main/AndroidManifest.xml:3:22-64
12
13    <application
13-->src/main/AndroidManifest.xml:4:5-14:19
14        android:allowBackup="false"
14-->src/main/AndroidManifest.xml:5:13-40
15        android:appComponentFactory="androidx.core.app.CoreComponentFactory"
15-->[androidx.core:core:1.3.1] AndroidManifest.xml:24:18-86
16        android:extractNativeLibs="false"
17        android:supportsRtl="true"
17-->src/main/AndroidManifest.xml:6:13-39
18        android:theme="@style/AppTheme" >
18-->src/main/AndroidManifest.xml:7:13-44
19        <activity android:name="com.example.kmmcodelab.androidApp.MainActivity" >
19-->src/main/AndroidManifest.xml:8:9-13:20
19-->src/main/AndroidManifest.xml:8:19-47
20            <intent-filter>
20-->src/main/AndroidManifest.xml:9:13-12:29
21                <action android:name="android.intent.action.MAIN" />
21-->src/main/AndroidManifest.xml:10:17-68
21-->src/main/AndroidManifest.xml:10:25-66
22
23                <category android:name="android.intent.category.LAUNCHER" />
23-->src/main/AndroidManifest.xml:11:17-76
23-->src/main/AndroidManifest.xml:11:27-74
24            </intent-filter>
25        </activity>
26    </application>
27
28</manifest>